<?xml version="1.0" encoding="UTF-8"?>
<testng-results ignored="0" total="1" passed="1" failed="0" skipped="0">
  <reporter-output>
  </reporter-output>
  <suite started-at="2024-08-01T20:17:33 IST" name="Default suite" finished-at="2024-08-01T20:17:37 IST" duration-ms="3674">
    <groups>
    </groups>
    <test started-at="2024-08-01T20:17:33 IST" name="Default test" finished-at="2024-08-01T20:17:37 IST" duration-ms="3674">
      <class name="PracticeQuestions.PracticeMultiWindowHandles">
        <test-method is-config="true" signature="setUp()[pri:0, instance:PracticeQuestions.PracticeMultiWindowHandles@59309333]" started-at="2024-08-01T20:17:33 IST" name="setUp" finished-at="2024-08-01T20:17:36 IST" duration-ms="3434" status="PASS">
          <reporter-output>
          </reporter-output>
        </test-method> <!-- setUp -->
        <test-method signature="windowTest()[pri:0, instance:PracticeQuestions.PracticeMultiWindowHandles@59309333]" started-at="2024-08-01T20:17:36 IST" name="windowTest" finished-at="2024-08-01T20:17:37 IST" duration-ms="200" status="PASS">
          <reporter-output>
          </reporter-output>
        </test-method> <!-- windowTest -->
      </class> <!-- PracticeQuestions.PracticeMultiWindowHandles -->
    </test> <!-- Default test -->
  </suite> <!-- Default suite -->
</testng-results>
